.====================================================================.
                                                                      
 .d8888b.   .o8888b.   db  .d8888b.  d8888b. d88888b d8888b.  .d888b. 
.8P    Y8. d8P    Y8   88 .8P    Y8. 88  `8D 88'     88  `8D .8P , Y8.
88      88 8P      oooo88 88      88 88oooY' 88oooo  88oobY' 88  |  88
88      88 8b      ~~~~88 88      88 88~~~b. 88~~~~  88`8b   88  |/ 88
`8b    d8' Y8b    d8   88 `8b    d8' 88   8D 88.     88 `88. `8b | d8'
 `Y8888P'   `Y8888P'   YP  `Y8888P'  Y8888P' Y88888P 88   YD  `Y888P' 
                                                                      
`========================== INSTALLATION LOG ========================'

[2018/09/04 08:53:11] Host: Linux li893-103 4.17.8-x86_64-linode110 #1 SMP PREEMPT Wed Jul 18 14:33:54 UTC 2018 x86_64
[2018/09/04 08:53:11] PHP version: 7.0.31
[2018/09/04 08:53:11] Server software: Apache/2.2.15 (CentOS)
[2018/09/04 08:53:11] Operating system: Linux
[2018/09/04 08:53:11] Memory limit: 128M
[2018/09/04 08:53:11] Max execution time: 3600
.============================ POST REQUEST ==========================.
[2018/09/04 08:53:11] Postback payload: Array
(
    [code] => phpVersion
    [handler] => onCheckRequirement
)

[2018/09/04 08:53:11] System check: phpVersion
[2018/09/04 08:53:11] Requirement phpVersion +OK
[2018/09/04 08:53:11] Execute handler (onCheckRequirement): Array
(
    [result] => 1
)

.============================ POST REQUEST ==========================.
[2018/09/04 08:53:12] Postback payload: Array
(
    [code] => curlLibrary
    [handler] => onCheckRequirement
)

[2018/09/04 08:53:12] System check: curlLibrary
[2018/09/04 08:53:12] Requirement curlLibrary +OK
[2018/09/04 08:53:12] Execute handler (onCheckRequirement): Array
(
    [result] => 1
)

.============================ POST REQUEST ==========================.
[2018/09/04 08:53:13] Postback payload: Array
(
    [code] => liveConnection
    [handler] => onCheckRequirement
)

[2018/09/04 08:53:13] System check: liveConnection
[2018/09/04 08:53:13] Server request: ping
[2018/09/04 08:53:13] Request information: Array
(
    [url] => http://octobercms.com/api/ping
    [content_type] => application/json
    [http_code] => 200
    [header_size] => 361
    [request_size] => 159
    [filetime] => -1
    [ssl_verify_result] => 0
    [redirect_count] => 0
    [total_time] => 0.093335
    [namelookup_time] => 0.002115
    [connect_time] => 0.002896
    [pretransfer_time] => 0.002897
    [size_upload] => 28
    [size_download] => 12
    [speed_download] => 128
    [speed_upload] => 299
    [download_content_length] => 12
    [upload_content_length] => 0
    [starttransfer_time] => 0.093303
    [redirect_time] => 0
    [redirect_url] => 
    [primary_ip] => 2400:cb00:2048:1::6818:710c
    [certinfo] => Array
        (
        )

)

[2018/09/04 08:53:13] Requirement liveConnection +OK
[2018/09/04 08:53:13] Execute handler (onCheckRequirement): Array
(
    [result] => 1
)

.============================ POST REQUEST ==========================.
[2018/09/04 08:53:14] Postback payload: Array
(
    [code] => writePermission
    [handler] => onCheckRequirement
)

[2018/09/04 08:53:14] System check: writePermission
[2018/09/04 08:53:14] Requirement writePermission +OK
[2018/09/04 08:53:14] Execute handler (onCheckRequirement): Array
(
    [result] => 1
)

.============================ POST REQUEST ==========================.
[2018/09/04 08:53:15] Postback payload: Array
(
    [code] => pdoLibrary
    [handler] => onCheckRequirement
)

[2018/09/04 08:53:15] System check: pdoLibrary
[2018/09/04 08:53:15] Requirement pdoLibrary +OK
[2018/09/04 08:53:15] Execute handler (onCheckRequirement): Array
(
    [result] => 1
)

.============================ POST REQUEST ==========================.
[2018/09/04 08:53:16] Postback payload: Array
(
    [code] => mbstringLibrary
    [handler] => onCheckRequirement
)

[2018/09/04 08:53:16] System check: mbstringLibrary
[2018/09/04 08:53:16] Requirement mbstringLibrary +OK
[2018/09/04 08:53:16] Execute handler (onCheckRequirement): Array
(
    [result] => 1
)

.============================ POST REQUEST ==========================.
[2018/09/04 08:53:17] Postback payload: Array
(
    [code] => fileinfoLibrary
    [handler] => onCheckRequirement
)

[2018/09/04 08:53:17] System check: fileinfoLibrary
[2018/09/04 08:53:17] Requirement fileinfoLibrary +OK
[2018/09/04 08:53:17] Execute handler (onCheckRequirement): Array
(
    [result] => 1
)

.============================ POST REQUEST ==========================.
[2018/09/04 08:53:18] Postback payload: Array
(
    [code] => sslLibrary
    [handler] => onCheckRequirement
)

[2018/09/04 08:53:18] System check: sslLibrary
[2018/09/04 08:53:18] Requirement sslLibrary +OK
[2018/09/04 08:53:18] Execute handler (onCheckRequirement): Array
(
    [result] => 1
)

.============================ POST REQUEST ==========================.
[2018/09/04 08:53:19] Postback payload: Array
(
    [code] => zipLibrary
    [handler] => onCheckRequirement
)

[2018/09/04 08:53:19] System check: zipLibrary
[2018/09/04 08:53:19] Requirement zipLibrary +OK
[2018/09/04 08:53:19] Execute handler (onCheckRequirement): Array
(
    [result] => 1
)

.============================ POST REQUEST ==========================.
[2018/09/04 08:53:20] Postback payload: Array
(
    [code] => gdLibrary
    [handler] => onCheckRequirement
)

[2018/09/04 08:53:20] System check: gdLibrary
[2018/09/04 08:53:20] Requirement gdLibrary +OK
[2018/09/04 08:53:20] Execute handler (onCheckRequirement): Array
(
    [result] => 1
)

.============================ POST REQUEST ==========================.
[2018/09/04 08:53:21] Postback payload: Array
(
    [code] => mod_rewrite
    [handler] => onCheckRequirement
)

[2018/09/04 08:53:21] System check: mod_rewrite
[2018/09/04 08:53:21] Requirement mod_rewrite +OK
[2018/09/04 08:53:21] Execute handler (onCheckRequirement): Array
(
    [result] => 1
)

.============================ POST REQUEST ==========================.
[2018/09/04 08:54:01] Postback payload: Array
(
    [db_type] => mysql
    [db_host] => localhost
    [db_port] => 
    [db_name] => financial_task
    [db_user] => financial
    [db_pass] => *******
    [admin_first_name] => Admin
    [admin_last_name] => Person
    [admin_email] => *******@*****.com
    [admin_login] => admin
    [admin_password] => *******
    [admin_confirm_password] => *******
    [backend_uri] => /backend
    [encryption_code] => *******
    [file_mask] => 777
    [folder_mask] => 777
    [handler] => onValidateDatabase
)

.============================ POST REQUEST ==========================.
[2018/09/04 08:54:02] Postback payload: Array
(
    [db_type] => mysql
    [db_host] => localhost
    [db_port] => 
    [db_name] => financial_task
    [db_user] => financial
    [db_pass] => *******
    [admin_first_name] => Admin
    [admin_last_name] => Person
    [admin_email] => *******@*****.com
    [admin_login] => admin
    [admin_password] => *******
    [admin_confirm_password] => *******
    [backend_uri] => /backend
    [encryption_code] => *******
    [file_mask] => 777
    [folder_mask] => 777
    [handler] => onValidateAdminAccount
)

.============================ POST REQUEST ==========================.
[2018/09/04 08:54:02] Postback payload: Array
(
    [db_type] => mysql
    [db_host] => localhost
    [db_port] => 
    [db_name] => financial_task
    [db_user] => financial
    [db_pass] => *******
    [admin_first_name] => Admin
    [admin_last_name] => Person
    [admin_email] => *******@*****.com
    [admin_login] => admin
    [admin_password] => *******
    [admin_confirm_password] => *******
    [backend_uri] => /backend
    [encryption_code] => *******
    [file_mask] => 777
    [folder_mask] => 777
    [handler] => onValidateAdvancedConfig
)

.============================ POST REQUEST ==========================.
[2018/09/04 08:54:04] Postback payload: Array
(
    [handler] => onGetPopularThemes
)

[2018/09/04 08:54:04] Server request: theme/popular
[2018/09/04 08:54:04] Request information: Array
(
    [url] => http://octobercms.com/api/theme/popular
    [content_type] => application/json
    [http_code] => 200
    [header_size] => 363
    [request_size] => 168
    [filetime] => -1
    [ssl_verify_result] => 0
    [redirect_count] => 0
    [total_time] => 0.101116
    [namelookup_time] => 0.000623
    [connect_time] => 0.001471
    [pretransfer_time] => 0.001472
    [size_upload] => 28
    [size_download] => 3875
    [speed_download] => 38322
    [speed_upload] => 276
    [download_content_length] => 3875
    [upload_content_length] => 0
    [starttransfer_time] => 0.101085
    [redirect_time] => 0
    [redirect_url] => 
    [primary_ip] => 2400:cb00:2048:1::6818:710c
    [certinfo] => Array
        (
        )

)

[2018/09/04 08:54:04] Execute handler (onGetPopularThemes): Array
(
    [0] => Array
        (
            [name] => Clean Blog
            [description] => Clean blogger theme.
            [code] => Responsiv.Clean
            [updated_at] => 2017-04-03 19:39:38
            [image] => //octobercms.com/storage/app/uploads/public/58e/304/7a4/thumb_6978_210_140_0_0_crop.png
            [author] => Responsiv Internet
            [hash] => 07e5b7066168a94349ac92018770c2e8
            [demo_url] => http://daftspunk.com/
            [product_url] => http://octobercms.com/theme/responsiv-clean
        )

    [1] => Array
        (
            [name] => New Age
            [description] => Landing page for mobile apps
            [code] => VojtaSvoboda.newage
            [updated_at] => 2016-10-20 17:20:43
            [image] => //octobercms.com/storage/app/uploads/public/580/7eb/dc9/thumb_5770_210_140_0_0_crop.png
            [author] => Vojta Svoboda
            [hash] => 09d9e47e64a2ed47dc35146a792008c2
            [demo_url] => https://blackrockdigital.github.io/startbootstrap-new-age/
            [product_url] => http://octobercms.com/theme/vojtasvoboda-newage
        )

    [2] => Array
        (
            [name] => Stellar
            [description] => a clean, responsive one page and blog theme
            [code] => Zwiebl.zwiebl_stellar
            [updated_at] => 2016-09-27 16:56:35
            [image] => //octobercms.com/storage/app/uploads/public/57e/bb4/fe9/thumb_5641_210_140_0_0_crop.png
            [author] => Alpen.Space
            [hash] => 19345446d87ad08e6937503019a43fd9
            [demo_url] => https://demo-stellar.alpen.space/
            [product_url] => http://octobercms.com/theme/zwiebl-zwiebl-stellar
        )

    [3] => Array
        (
            [name] => Blank Bootstrap 4
            [description] => A blank Bootstrap 4 template
            [code] => Hambern.hambern-blank-bootstrap-4
            [updated_at] => 2016-08-23 17:57:44
            [image] => //octobercms.com/storage/app/uploads/public/57b/9ba/c48/thumb_5365_210_140_0_0_crop.png
            [author] => Mattias Hamberg
            [hash] => 9a6762de633774de2cebf69a88f290d1
            [demo_url] => 
            [product_url] => http://octobercms.com/theme/hambern-hambern-blank-bootstrap-4
        )

    [4] => Array
        (
            [name] => Bonjour
            [description] => A sample multi-lingual theme for translated content.
            [code] => RainLab.Bonjour
            [updated_at] => 2016-07-03 21:05:29
            [image] => //octobercms.com/storage/app/uploads/public/577/9df/850/thumb_4911_210_140_0_0_crop.png
            [author] => RainLab
            [hash] => f1084f81e0e1c5c8d22317794292deb3
            [demo_url] => 
            [product_url] => http://octobercms.com/theme/rainlab-bonjour
        )

    [5] => Array
        (
            [name] => Viola
            [description] => One Page Theme based on Bootstrap 4 with different color schemes, scss files included
            [code] => JumpLink.Viola
            [updated_at] => 2016-07-11 09:55:39
            [image] => //octobercms.com/storage/app/uploads/public/574/6af/435/thumb_4705_210_140_0_0_crop.png
            [author] => JumpLink
            [hash] => fe09a3915724fcc241e0e5914c8ea346
            [demo_url] => http://healthyteeth.jumplink.eu/
            [product_url] => http://octobercms.com/theme/jumplink-viola
        )

    [6] => Array
        (
            [name] => Relax
            [description] => A fictional site called House of Chairs that demonstrates how to build a client-friendly website.
            [code] => RainLab.Relax
            [updated_at] => 2015-07-01 19:16:08
            [image] => //octobercms.com/storage/app/uploads/public/559/49e/2da/thumb_2585_210_140_0_0_crop.png
            [author] => RainLab
            [hash] => a35c64b09ad6347b8a226291e5b8fd75
            [demo_url] => 
            [product_url] => http://octobercms.com/theme/rainlab-relax
        )

    [7] => Array
        (
            [name] => Vanilla
            [description] => A plain starter template that implements account management, a blog and community forum.
            [code] => RainLab.Vanilla
            [updated_at] => 2015-04-14 16:37:36
            [image] => //octobercms.com/storage/app/uploads/public/552/da4/0f8/thumb_2106_210_140_0_0_crop.png
            [author] => RainLab
            [hash] => 4b893d1c085a298e9b9b1d13635a675f
            [demo_url] => 
            [product_url] => http://octobercms.com/theme/rainlab-vanilla
        )

    [8] => Array
        (
            [name] => Flat UI
            [description] => A theme that uses a Flat user-interface and has no dependencies on others plugins.
            [code] => Responsiv.Flat
            [updated_at] => 2014-07-23 21:32:51
            [image] => //octobercms.com/storage/app/uploads/public/53d/084/fbc/thumb_543_210_140_0_0_crop.png
            [author] => Responsiv Internet
            [hash] => 3b3994c2c50d1b0f49a0725d764c12e8
            [demo_url] => 
            [product_url] => http://octobercms.com/theme/responsiv-flat
        )

)

.============================ POST REQUEST ==========================.
[2018/09/04 08:54:10] Postback payload: Array
(
    [name] => JumpLink.Viola
    [handler] => onThemeDetails
)

[2018/09/04 08:54:10] Server request: theme/detail
[2018/09/04 08:54:10] Request information: Array
(
    [url] => http://octobercms.com/api/theme/detail
    [content_type] => application/json
    [http_code] => 200
    [header_size] => 363
    [request_size] => 187
    [filetime] => -1
    [ssl_verify_result] => 0
    [redirect_count] => 0
    [total_time] => 0.073593
    [namelookup_time] => 0.000748
    [connect_time] => 0.001555
    [pretransfer_time] => 0.001556
    [size_upload] => 48
    [size_download] => 1062
    [speed_download] => 14430
    [speed_upload] => 652
    [download_content_length] => 1062
    [upload_content_length] => 0
    [starttransfer_time] => 0.073546
    [redirect_time] => 0
    [redirect_url] => 
    [primary_ip] => 2400:cb00:2048:1::6818:710c
    [certinfo] => Array
        (
        )

)

[2018/09/04 08:54:10] Execute handler (onThemeDetails): Array
(
    [name] => Viola
    [description] => One Page Theme based on Bootstrap 4 with different color schemes, scss files included
    [code] => JumpLink.Viola
    [updated_at] => 2016-07-11 09:55:39
    [image] => //octobercms.com/storage/app/uploads/public/574/6af/435/thumb_4705_210_140_0_0_crop.png
    [author] => JumpLink
    [hash] => fe09a3915724fcc241e0e5914c8ea346
    [demo_url] => http://healthyteeth.jumplink.eu/
    [product_url] => http://octobercms.com/theme/jumplink-viola
    [require] => Array
        (
            [0] => Array
                (
                    [name] => Static Pages
                    [description] => Adds static pages, menus and breadcrumbs features to OctoberCMS.
                    [code] => RainLab.Pages
                    [updated_at] => 2014-09-18 20:26:54
                    [image] => http://placehold.it/64x64
                    [author] => October
                    [hash] => 75928ce8831c5b9bb62b0ad47c3fe7fe
                    [demo_url] => 
                    [product_url] => 
                )

            [1] => Array
                (
                    [name] => Slideshow
                    [description] => Manage Twitter Bootstrap carousels with additional content.
                    [code] => Flosch.Slideshow
                    [updated_at] => 2016-02-23 17:21:27
                    [image] => http://placehold.it/64x64
                    [author] => October
                    [hash] => 9e98340ef38a4deb1c3ccd6d72baeed0
                    [demo_url] => 
                    [product_url] => 
                )

        )

)

.============================ POST REQUEST ==========================.
[2018/09/04 08:54:11] Postback payload: Array
(
    [step] => getMetaData
    [meta] => 
    [plugins] => Array
        (
            [0] => Array
                (
                    [name] => Static Pages
                    [description] => Adds static pages, menus and breadcrumbs features to OctoberCMS.
                    [code] => RainLab.Pages
                    [updated_at] => 2014-09-18 20:26:54
                    [image] => http://placehold.it/64x64
                    [author] => October
                    [hash] => 75928ce8831c5b9bb62b0ad47c3fe7fe
                    [demo_url] => 
                    [product_url] => 
                )

            [1] => Array
                (
                    [name] => Slideshow
                    [description] => Manage Twitter Bootstrap carousels with additional content.
                    [code] => Flosch.Slideshow
                    [updated_at] => 2016-02-23 17:21:27
                    [image] => http://placehold.it/64x64
                    [author] => October
                    [hash] => 9e98340ef38a4deb1c3ccd6d72baeed0
                    [demo_url] => 
                    [product_url] => 
                )

        )

    [themes] => Array
        (
            [0] => Array
                (
                    [name] => Viola
                    [description] => One Page Theme based on Bootstrap 4 with different color schemes, scss files included
                    [code] => JumpLink.Viola
                    [updated_at] => 2016-07-11 09:55:39
                    [image] => //octobercms.com/storage/app/uploads/public/574/6af/435/thumb_4705_210_140_0_0_crop.png
                    [author] => JumpLink
                    [hash] => fe09a3915724fcc241e0e5914c8ea346
                    [demo_url] => http://healthyteeth.jumplink.eu/
                    [product_url] => http://octobercms.com/theme/jumplink-viola
                    [require] => Array
                        (
                            [0] => Array
                                (
                                    [name] => Static Pages
                                    [description] => Adds static pages, menus and breadcrumbs features to OctoberCMS.
                                    [code] => RainLab.Pages
                                    [updated_at] => 2014-09-18 20:26:54
                                    [image] => http://placehold.it/64x64
                                    [author] => October
                                    [hash] => 75928ce8831c5b9bb62b0ad47c3fe7fe
                                    [demo_url] => 
                                    [product_url] => 
                                )

                            [1] => Array
                                (
                                    [name] => Slideshow
                                    [description] => Manage Twitter Bootstrap carousels with additional content.
                                    [code] => Flosch.Slideshow
                                    [updated_at] => 2016-02-23 17:21:27
                                    [image] => http://placehold.it/64x64
                                    [author] => October
                                    [hash] => 9e98340ef38a4deb1c3ccd6d72baeed0
                                    [demo_url] => 
                                    [product_url] => 
                                )

                        )

                )

        )

    [handler] => onInstallStep
)

[2018/09/04 08:54:11] Install step: getMetaData
[2018/09/04 08:54:11] Server request: core/install
[2018/09/04 08:54:11] Request information: Array
(
    [url] => http://octobercms.com/api/core/install
    [content_type] => application/json
    [http_code] => 200
    [header_size] => 362
    [request_size] => 258
    [filetime] => -1
    [ssl_verify_result] => 0
    [redirect_count] => 0
    [total_time] => 0.185344
    [namelookup_time] => 0.000799
    [connect_time] => 0.001647
    [pretransfer_time] => 0.001649
    [size_upload] => 118
    [size_download] => 287
    [speed_download] => 1548
    [speed_upload] => 636
    [download_content_length] => 287
    [upload_content_length] => 0
    [starttransfer_time] => 0.1853
    [redirect_time] => 0
    [redirect_url] => 
    [primary_ip] => 2400:cb00:2048:1::6818:710c
    [certinfo] => Array
        (
        )

)

[2018/09/04 08:54:11] Step getMetaData +OK
[2018/09/04 08:54:11] Execute handler (onInstallStep): Array
(
    [result] => Array
        (
            [core] => Array
                (
                    [hash] => 1685c5d289a023f24c85535879da1c91
                    [build] => 442
                    [uhash] => d339ddfa959dce86c9b1e0a92965d841
                )

            [plugins] => Array
                (
                    [Flosch.Slideshow] => 9e98340ef38a4deb1c3ccd6d72baeed0
                    [RainLab.Pages] => 75928ce8831c5b9bb62b0ad47c3fe7fe
                )

            [themes] => Array
                (
                    [JumpLink.Viola] => fe09a3915724fcc241e0e5914c8ea346
                )

        )

)

.============================ POST REQUEST ==========================.
[2018/09/04 08:54:11] Postback payload: Array
(
    [step] => downloadCore
    [meta] => Array
        (
            [core] => Array
                (
                    [hash] => 1685c5d289a023f24c85535879da1c91
                    [build] => 442
                    [uhash] => d339ddfa959dce86c9b1e0a92965d841
                )

            [plugins] => Array
                (
                    [Flosch.Slideshow] => 9e98340ef38a4deb1c3ccd6d72baeed0
                    [RainLab.Pages] => 75928ce8831c5b9bb62b0ad47c3fe7fe
                )

            [themes] => Array
                (
                    [JumpLink.Viola] => fe09a3915724fcc241e0e5914c8ea346
                )

        )

    [handler] => onInstallStep
)

[2018/09/04 08:54:11] Install step: downloadCore
[2018/09/04 08:54:12] Saving to file (core): /var/www/html/financial_task/install_files/temp/a74ad8dfacd4f985eb3977517615ce25.arc
[2018/09/04 08:54:12] Step downloadCore +OK
[2018/09/04 08:54:12] Execute handler (onInstallStep): Array
(
    [result] => 
)

.============================ POST REQUEST ==========================.
[2018/09/04 08:54:12] Postback payload: Array
(
    [step] => downloadPlugin
    [meta] => Array
        (
            [core] => Array
                (
                    [hash] => 1685c5d289a023f24c85535879da1c91
                    [build] => 442
                    [uhash] => d339ddfa959dce86c9b1e0a92965d841
                )

            [plugins] => Array
                (
                    [Flosch.Slideshow] => 9e98340ef38a4deb1c3ccd6d72baeed0
                    [RainLab.Pages] => 75928ce8831c5b9bb62b0ad47c3fe7fe
                )

            [themes] => Array
                (
                    [JumpLink.Viola] => fe09a3915724fcc241e0e5914c8ea346
                )

        )

    [name] => RainLab.Pages
    [handler] => onInstallStep
)

[2018/09/04 08:54:12] Install step: downloadPlugin
[2018/09/04 08:54:12] Saving to file (RainLab.Pages-plugin): /var/www/html/financial_task/install_files/temp/7fc795dfd94f1a9581184e5b87ee5218.arc
[2018/09/04 08:54:12] Step downloadPlugin +OK
[2018/09/04 08:54:12] Execute handler (onInstallStep): Array
(
    [result] => 
)

.============================ POST REQUEST ==========================.
[2018/09/04 08:54:13] Postback payload: Array
(
    [step] => downloadPlugin
    [meta] => Array
        (
            [core] => Array
                (
                    [hash] => 1685c5d289a023f24c85535879da1c91
                    [build] => 442
                    [uhash] => d339ddfa959dce86c9b1e0a92965d841
                )

            [plugins] => Array
                (
                    [Flosch.Slideshow] => 9e98340ef38a4deb1c3ccd6d72baeed0
                    [RainLab.Pages] => 75928ce8831c5b9bb62b0ad47c3fe7fe
                )

            [themes] => Array
                (
                    [JumpLink.Viola] => fe09a3915724fcc241e0e5914c8ea346
                )

        )

    [name] => Flosch.Slideshow
    [handler] => onInstallStep
)

[2018/09/04 08:54:13] Install step: downloadPlugin
[2018/09/04 08:54:13] Saving to file (Flosch.Slideshow-plugin): /var/www/html/financial_task/install_files/temp/a1871abeec2914a08de505c09b30723a.arc
[2018/09/04 08:54:13] Step downloadPlugin +OK
[2018/09/04 08:54:13] Execute handler (onInstallStep): Array
(
    [result] => 
)

.============================ POST REQUEST ==========================.
[2018/09/04 08:54:14] Postback payload: Array
(
    [step] => downloadTheme
    [meta] => Array
        (
            [core] => Array
                (
                    [hash] => 1685c5d289a023f24c85535879da1c91
                    [build] => 442
                    [uhash] => d339ddfa959dce86c9b1e0a92965d841
                )

            [plugins] => Array
                (
                    [Flosch.Slideshow] => 9e98340ef38a4deb1c3ccd6d72baeed0
                    [RainLab.Pages] => 75928ce8831c5b9bb62b0ad47c3fe7fe
                )

            [themes] => Array
                (
                    [JumpLink.Viola] => fe09a3915724fcc241e0e5914c8ea346
                )

        )

    [name] => JumpLink.Viola
    [handler] => onInstallStep
)

[2018/09/04 08:54:14] Install step: downloadTheme
[2018/09/04 08:54:14] Saving to file (JumpLink.Viola-theme): /var/www/html/financial_task/install_files/temp/5c30aff279e867853777efe53f5b40e7.arc
[2018/09/04 08:54:14] Step downloadTheme +OK
[2018/09/04 08:54:14] Execute handler (onInstallStep): Array
(
    [result] => 
)

.============================ POST REQUEST ==========================.
[2018/09/04 08:54:15] Postback payload: Array
(
    [step] => extractCore
    [meta] => Array
        (
            [core] => Array
                (
                    [hash] => 1685c5d289a023f24c85535879da1c91
                    [build] => 442
                    [uhash] => d339ddfa959dce86c9b1e0a92965d841
                )

            [plugins] => Array
                (
                    [Flosch.Slideshow] => 9e98340ef38a4deb1c3ccd6d72baeed0
                    [RainLab.Pages] => 75928ce8831c5b9bb62b0ad47c3fe7fe
                )

            [themes] => Array
                (
                    [JumpLink.Viola] => fe09a3915724fcc241e0e5914c8ea346
                )

        )

    [handler] => onInstallStep
)

[2018/09/04 08:54:15] Install step: extractCore
[2018/09/04 08:54:15] Extracting file (core): a74ad8dfacd4f985eb3977517615ce25.arc
[2018/09/04 08:54:16] Step extractCore +OK
[2018/09/04 08:54:16] Execute handler (onInstallStep): Array
(
    [result] => 1
)

.============================ POST REQUEST ==========================.
[2018/09/04 08:54:17] Postback payload: Array
(
    [step] => extractPlugin
    [meta] => Array
        (
            [core] => Array
                (
                    [hash] => 1685c5d289a023f24c85535879da1c91
                    [build] => 442
                    [uhash] => d339ddfa959dce86c9b1e0a92965d841
                )

            [plugins] => Array
                (
                    [Flosch.Slideshow] => 9e98340ef38a4deb1c3ccd6d72baeed0
                    [RainLab.Pages] => 75928ce8831c5b9bb62b0ad47c3fe7fe
                )

            [themes] => Array
                (
                    [JumpLink.Viola] => fe09a3915724fcc241e0e5914c8ea346
                )

        )

    [name] => RainLab.Pages
    [handler] => onInstallStep
)

[2018/09/04 08:54:17] Install step: extractPlugin
[2018/09/04 08:54:17] Extracting file (RainLab.Pages-plugin): 7fc795dfd94f1a9581184e5b87ee5218.arc
[2018/09/04 08:54:17] Step extractPlugin +OK
[2018/09/04 08:54:17] Execute handler (onInstallStep): Array
(
    [result] => 1
)

.============================ POST REQUEST ==========================.
[2018/09/04 08:54:17] Postback payload: Array
(
    [step] => extractPlugin
    [meta] => Array
        (
            [core] => Array
                (
                    [hash] => 1685c5d289a023f24c85535879da1c91
                    [build] => 442
                    [uhash] => d339ddfa959dce86c9b1e0a92965d841
                )

            [plugins] => Array
                (
                    [Flosch.Slideshow] => 9e98340ef38a4deb1c3ccd6d72baeed0
                    [RainLab.Pages] => 75928ce8831c5b9bb62b0ad47c3fe7fe
                )

            [themes] => Array
                (
                    [JumpLink.Viola] => fe09a3915724fcc241e0e5914c8ea346
                )

        )

    [name] => Flosch.Slideshow
    [handler] => onInstallStep
)

[2018/09/04 08:54:17] Install step: extractPlugin
[2018/09/04 08:54:17] Extracting file (Flosch.Slideshow-plugin): a1871abeec2914a08de505c09b30723a.arc
[2018/09/04 08:54:17] Step extractPlugin +OK
[2018/09/04 08:54:17] Execute handler (onInstallStep): Array
(
    [result] => 1
)

.============================ POST REQUEST ==========================.
[2018/09/04 08:54:18] Postback payload: Array
(
    [step] => extractTheme
    [meta] => Array
        (
            [core] => Array
                (
                    [hash] => 1685c5d289a023f24c85535879da1c91
                    [build] => 442
                    [uhash] => d339ddfa959dce86c9b1e0a92965d841
                )

            [plugins] => Array
                (
                    [Flosch.Slideshow] => 9e98340ef38a4deb1c3ccd6d72baeed0
                    [RainLab.Pages] => 75928ce8831c5b9bb62b0ad47c3fe7fe
                )

            [themes] => Array
                (
                    [JumpLink.Viola] => fe09a3915724fcc241e0e5914c8ea346
                )

        )

    [name] => JumpLink.Viola
    [handler] => onInstallStep
)

[2018/09/04 08:54:18] Install step: extractTheme
[2018/09/04 08:54:18] Extracting file (JumpLink.Viola-theme): 5c30aff279e867853777efe53f5b40e7.arc
[2018/09/04 08:54:18] Step extractTheme +OK
[2018/09/04 08:54:18] Execute handler (onInstallStep): Array
(
    [result] => 1
)

.============================ POST REQUEST ==========================.
[2018/09/04 08:54:19] Postback payload: Array
(
    [step] => setupConfig
    [meta] => Array
        (
            [core] => Array
                (
                    [hash] => 1685c5d289a023f24c85535879da1c91
                    [build] => 442
                    [uhash] => d339ddfa959dce86c9b1e0a92965d841
                )

            [plugins] => Array
                (
                    [Flosch.Slideshow] => 9e98340ef38a4deb1c3ccd6d72baeed0
                    [RainLab.Pages] => 75928ce8831c5b9bb62b0ad47c3fe7fe
                )

            [themes] => Array
                (
                    [JumpLink.Viola] => fe09a3915724fcc241e0e5914c8ea346
                )

        )

    [db_type] => mysql
    [db_host] => localhost
    [db_port] => 
    [db_name] => financial_task
    [db_user] => financial
    [db_pass] => *******
    [admin_first_name] => Admin
    [admin_last_name] => Person
    [admin_email] => *******@*****.com
    [admin_login] => admin
    [admin_password] => *******
    [admin_confirm_password] => *******
    [backend_uri] => /backend
    [encryption_code] => *******
    [file_mask] => 777
    [folder_mask] => 777
    [active_theme] => JumpLink.Viola
    [handler] => onInstallStep
)

[2018/09/04 08:54:19] Install step: setupConfig
[2018/09/04 08:54:19] Step setupConfig +OK
[2018/09/04 08:54:19] Execute handler (onInstallStep): Array
(
    [result] => 
)

.============================ POST REQUEST ==========================.
[2018/09/04 08:54:20] Postback payload: Array
(
    [step] => createAdmin
    [meta] => Array
        (
            [core] => Array
                (
                    [hash] => 1685c5d289a023f24c85535879da1c91
                    [build] => 442
                    [uhash] => d339ddfa959dce86c9b1e0a92965d841
                )

            [plugins] => Array
                (
                    [Flosch.Slideshow] => 9e98340ef38a4deb1c3ccd6d72baeed0
                    [RainLab.Pages] => 75928ce8831c5b9bb62b0ad47c3fe7fe
                )

            [themes] => Array
                (
                    [JumpLink.Viola] => fe09a3915724fcc241e0e5914c8ea346
                )

        )

    [db_type] => mysql
    [db_host] => localhost
    [db_port] => 
    [db_name] => financial_task
    [db_user] => financial
    [db_pass] => *******
    [admin_first_name] => Admin
    [admin_last_name] => Person
    [admin_email] => *******@*****.com
    [admin_login] => admin
    [admin_password] => *******
    [admin_confirm_password] => *******
    [backend_uri] => /backend
    [encryption_code] => *******
    [file_mask] => 777
    [folder_mask] => 777
    [active_theme] => JumpLink.Viola
    [handler] => onInstallStep
)

[2018/09/04 08:54:20] Install step: createAdmin
[2018/09/04 08:54:20] Handler error (onInstallStep): SQLSTATE[28000] [1045] Access denied for user 'root'@'localhost' (using password: NO) (SQL: select * from information_schema.tables where table_schema = database and table_name = migrations)
[2018/09/04 08:54:20] Trace log:
#0 /var/www/html/financial_task/vendor/laravel/framework/src/Illuminate/Database/Connection.php(624): Illuminate\Database\Connection->runQueryCallback('select * from i...', Array, Object(Closure))
#1 /var/www/html/financial_task/vendor/laravel/framework/src/Illuminate/Database/Connection.php(333): Illuminate\Database\Connection->run('select * from i...', Array, Object(Closure))
#2 /var/www/html/financial_task/vendor/laravel/framework/src/Illuminate/Database/Schema/MySqlBuilder.php(18): Illuminate\Database\Connection->select('select * from i...', Array)
#3 /var/www/html/financial_task/vendor/laravel/framework/src/Illuminate/Support/Facades/Facade.php(221): Illuminate\Database\Schema\MySqlBuilder->hasTable('migrations')
#4 /var/www/html/financial_task/modules/system/classes/UpdateManager.php(135): Illuminate\Support\Facades\Facade::__callStatic('hasTable', Array)
#5 /var/www/html/financial_task/install_files/php/Installer.php(528): System\Classes\UpdateManager->update()
#6 /var/www/html/financial_task/install_files/php/Installer.php(385): Installer->createAdminAccount()
#7 /var/www/html/financial_task/install_files/php/Installer.php(48): Installer->onInstallStep()
#8 /var/www/html/financial_task/install_files/php/boot.php(79): Installer->__construct()
#9 /var/www/html/financial_task/install.php(1): include('/var/www/html/f...')
#10 {main}
.============================ POST REQUEST ==========================.
[2018/09/04 09:00:35] Postback payload: Array
(
    [step] => createAdmin
    [meta] => Array
        (
            [core] => Array
                (
                    [hash] => 1685c5d289a023f24c85535879da1c91
                    [build] => 442
                    [uhash] => d339ddfa959dce86c9b1e0a92965d841
                )

            [plugins] => Array
                (
                    [Flosch.Slideshow] => 9e98340ef38a4deb1c3ccd6d72baeed0
                    [RainLab.Pages] => 75928ce8831c5b9bb62b0ad47c3fe7fe
                )

            [themes] => Array
                (
                    [JumpLink.Viola] => fe09a3915724fcc241e0e5914c8ea346
                )

        )

    [db_type] => mysql
    [db_host] => localhost
    [db_port] => 
    [db_name] => financial_task
    [db_user] => financial
    [db_pass] => *******
    [admin_first_name] => Admin
    [admin_last_name] => Person
    [admin_email] => *******@*****.com
    [admin_login] => admin
    [admin_password] => *******
    [admin_confirm_password] => *******
    [backend_uri] => /backend
    [encryption_code] => *******
    [file_mask] => 777
    [folder_mask] => 777
    [active_theme] => JumpLink.Viola
    [handler] => onInstallStep
)

[2018/09/04 09:00:35] Install step: createAdmin
[2018/09/04 09:00:36] Step createAdmin +OK
[2018/09/04 09:00:36] Execute handler (onInstallStep): Array
(
    [result] => 
)

.============================ POST REQUEST ==========================.
[2018/09/04 09:00:37] Postback payload: Array
(
    [disableLog] => 1
)

[2018/09/04 09:00:37] Install step: setupProject
[2018/09/04 09:00:37] Step setupProject +OK
[2018/09/04 09:00:37] Execute handler (onInstallStep): Array
(
    [result] => 
)

.============================ POST REQUEST ==========================.
[2018/09/04 09:00:38] Postback payload: Array
(
    [step] => finishInstall
    [meta] => Array
        (
            [core] => Array
                (
                    [hash] => 1685c5d289a023f24c85535879da1c91
                    [build] => 442
                    [uhash] => d339ddfa959dce86c9b1e0a92965d841
                )

            [plugins] => Array
                (
                    [Flosch.Slideshow] => 9e98340ef38a4deb1c3ccd6d72baeed0
                    [RainLab.Pages] => 75928ce8831c5b9bb62b0ad47c3fe7fe
                )

            [themes] => Array
                (
                    [JumpLink.Viola] => fe09a3915724fcc241e0e5914c8ea346
                )

        )

    [hash] => 1685c5d289a023f24c85535879da1c91
    [build] => 442
    [uhash] => d339ddfa959dce86c9b1e0a92965d841
    [handler] => onInstallStep
)

[2018/09/04 09:00:38] Install step: finishInstall
[2018/09/04 09:00:38] Cleaning up file: a74ad8dfacd4f985eb3977517615ce25.arc
[2018/09/04 09:00:38] Cleaning up file: 7fc795dfd94f1a9581184e5b87ee5218.arc
[2018/09/04 09:00:38] Cleaning up file: a1871abeec2914a08de505c09b30723a.arc
[2018/09/04 09:00:38] Cleaning up file: 5c30aff279e867853777efe53f5b40e7.arc
[2018/09/04 09:00:38] Step finishInstall +OK
[2018/09/04 09:00:38] Execute handler (onInstallStep): Array
(
    [result] => 
)

